Mod file found: D:\Alexis\01_Projets\01_Phenix\GitHub\phenix\ArchPy\..\libraries\AarhusINV\input\model1.mod
Mo2 file found: D:\Alexis\01_Projets\01_Phenix\GitHub\phenix\ArchPy\..\libraries\AarhusINV\input\model1.mod
Path: D:\Alexis\01_Projets\01_Phenix\GitHub\phenix\ArchPy\..\libraries\AarhusINV\input\
Reading mod file...
DataFileNames.Count > 4
Modfile ok!
========== AarhusInv License ==============
Text0=101 - 1D TEM - Forward modeling & few soundings inversion
Text1=102 - 1D TEM - Forward modeling & inversion
Text2=111 - 1D FEM - Forward modeling & few soundings inversion
Text3=112 - 1D FEM - Forward modeling & inversion
Text4=121 - 1D DC - Forward modeling & inversion
Text5=122 - 2D DC - Forward modeling & inversion
Text6=125 - 1D DC/IP, integral chargeability - Forward modeling & inversion
Text7=126 - 2D DC/IP, integral chargeability - Forward modeling & inversion
Text8=128 - 1D DCIP, full decay - Forward modeling & inversion
Text9=129 - 2D DCIP, full decay - Forward modeling & inversion
Text10=191 - AarhusInv standalone
Days offline before update is required=30
Last connection=20-10-2021
Licence check sum=9f1302e0a3fc7822aa062bafafac7ae0
License Code=xFC09ETg
License expires=17-09-2022
License Number=2801
Machine GUID={2292B944-C28C-4691-A4B9-50E356C9BE30}
Machine ID=c900c64d3dbb24aa1ec5e371cf7248cb
Number of polygons=0
Product=AarhusInv
Update expires=17-09-2022
=== End of AarhusInv License ==============
License found in reg dir: AarhusInv
AarhusInv license number: 2801
License (AarhusInv) is OK!
NModules: 11
NModulesNew: 9
Saved lic
